app/build/outputs/logs/manifest-merger-debug-report.txt
-- Merging decision tree log ---
manifest
ADDED from src/main/AndroidManifest.xml:2:1-31:12
	package
		ADDED from src/main/AndroidManifest.xml:3:7-45
		INJECTED from src/main/AndroidManifest.xml
		INJECTED from src/main/AndroidManifest.xml
	android:versionName
		ADDED from src/main/AndroidManifest.xml:3:46-73
		INJECTED from src/main/AndroidManifest.xml
		INJECTED from src/main/AndroidManifest.xml
	xmlns:android
		ADDED from src/main/AndroidManifest.xml:2:11-69
uses-permission#android.permission.ACCESS_COARSE_LOCATION
ADDED from src/main/AndroidManifest.xml:4:5-97
	android:name
		ADDED from src/main/AndroidManifest.xml:4:22-78
uses-sdk
ADDED from src/main/AndroidManifest.xml:6:5-73
	android:targetSdkVersion
		ADDED from src/main/AndroidManifest.xml:6:41-70
		INJECTED from src/main/AndroidManifest.xml
		INJECTED from src/main/AndroidManifest.xml
	android:minSdkVersion
		ADDED from src/main/AndroidManifest.xml:6:15-40
		INJECTED from src/main/AndroidManifest.xml
		INJECTED from src/main/AndroidManifest.xml
uses-permission#android.permission.CAMERA
ADDED from src/main/AndroidManifest.xml:8:5-64
	android:name
		ADDED from src/main/AndroidManifest.xml:8:22-62
uses-permission#android.permission.INTERNET
ADDED from src/main/AndroidManifest.xml:9:5-66
	android:name
		ADDED from src/main/AndroidManifest.xml:9:22-64
uses-permission#android.permission.VIBRATE
ADDED from src/main/AndroidManifest.xml:10:5-65
	android:name
		ADDED from src/main/AndroidManifest.xml:10:22-63
uses-feature#android.hardware.camera
ADDED from src/main/AndroidManifest.xml:12:5-60
	android:name
		ADDED from src/main/AndroidManifest.xml:12:19-57
uses-feature#android.hardware.camera.autofocus
ADDED from src/main/AndroidManifest.xml:13:5-94
	android:required
		ADDED from src/main/AndroidManifest.xml:13:68-92
	android:name
		ADDED from src/main/AndroidManifest.xml:13:19-67
uses-feature#android.hardware.camera.flash
ADDED from src/main/AndroidManifest.xml:14:5-90
	android:required
		ADDED from src/main/AndroidManifest.xml:14:64-88
	android:name
		ADDED from src/main/AndroidManifest.xml:14:19-63
application
ADDED from src/main/AndroidManifest.xml:16:5-29:19
	android:label
		ADDED from src/main/AndroidManifest.xml:18:10-42
	android:allowBackup
		ADDED from src/main/AndroidManifest.xml:20:10-36
	android:icon
		ADDED from src/main/AndroidManifest.xml:17:10-39
	android:theme
		ADDED from src/main/AndroidManifest.xml:19:10-57
activity#com.mirasense.demos.ScanditSDKDemoSimple
ADDED from src/main/AndroidManifest.xml:21:9-28:20
	android:screenOrientation
		ADDED from src/main/AndroidManifest.xml:22:19-53
	android:label
		ADDED from src/main/AndroidManifest.xml:23:19-51
	android:name
		ADDED from src/main/AndroidManifest.xml:21:19-74
intent-filter#android.intent.action.MAIN+android.intent.category.LAUNCHER
ADDED from src/main/AndroidManifest.xml:24:13-27:29
action#android.intent.action.MAIN
ADDED from src/main/AndroidManifest.xml:25:17-69
	android:name
		ADDED from src/main/AndroidManifest.xml:25:25-66
category#android.intent.category.LAUNCHER
ADDED from src/main/AndroidManifest.xml:26:17-77
	android:name
		ADDED from src/main/AndroidManifest.xml:26:27-74